<?xml version="1.0" encoding="UTF-8"?>
<testsuite xmlns:xsi="http://www.w3.org/2001/XMLSchema-instance" xsi:noNamespaceSchemaLocation="https://maven.apache.org/surefire/maven-surefire-plugin/xsd/surefire-test-report-3.0.xsd" version="3.0" name="conduitApp.conduitTest" time="8.419" tests="3" errors="0" skipped="0" failures="3">
  <properties>
[...]
</properties>
  <testcase name="[1:14] New Articles" classname="conduitApp/feature/Articles" time="2.303">
    <failure message="status code was: 422, expected: 201, response time in milliseconds: 361, url: https://conduit-api.bondaracademy.com/api/articles, response: &#10;{&quot;errors&quot;:{&quot;title&quot;:[&quot;must be unique&quot;]}}&#10;classpath:conduitApp/feature/Articles.feature:22" type="org.opentest4j.AssertionFailedError"><![CDATA[org.opentest4j.AssertionFailedError: 
status code was: 422, expected: 201, response time in milliseconds: 361, url: https://conduit-api.bondaracademy.com/api/articles, response: 
{"errors":{"title":["must be unique"]}}
classpath:conduitApp/feature/Articles.feature:22
	at com.intuit.karate.junit5.FeatureNode.lambda$next$1(FeatureNode.java:86)
	at java.base/java.util.stream.ForEachOps$ForEachOp$OfRef.accept(ForEachOps.java:183)
	at java.base/java.util.stream.ReferencePipeline$3$1.accept(ReferencePipeline.java:197)
	at java.base/java.util.stream.ReferencePipeline$2$1.accept(ReferencePipeline.java:179)
	at java.base/java.util.stream.ReferencePipeline$3$1.accept(ReferencePipeline.java:197)
	at java.base/java.util.Iterator.forEachRemaining(Iterator.java:133)
	at java.base/java.util.Spliterators$IteratorSpliterator.forEachRemaining(Spliterators.java:1845)
	at java.base/java.util.stream.AbstractPipeline.copyInto(AbstractPipeline.java:509)
	at java.base/java.util.stream.AbstractPipeline.wrapAndCopyInto(AbstractPipeline.java:499)
	at java.base/java.util.stream.ForEachOps$ForEachOp.evaluateSequential(ForEachOps.java:150)
	at java.base/java.util.stream.ForEachOps$ForEachOp$OfRef.evaluateSequential(ForEachOps.java:173)
	at java.base/java.util.stream.AbstractPipeline.evaluate(AbstractPipeline.java:234)
	at java.base/java.util.stream.ReferencePipeline.forEachOrdered(ReferencePipeline.java:601)
	at java.base/java.util.Optional.ifPresent(Optional.java:178)
	at java.base/java.util.ArrayList.forEach(ArrayList.java:1511)
	at java.base/java.util.ArrayList.forEach(ArrayList.java:1511)
]]></failure>
    <system-out><![CDATA[10:53:04.105 [main] INFO  com.intuit.karate.Runner - using system property 'karate.options': --tags=@Debug
10:53:04.493 [main] DEBUG com.intuit.karate.Suite - [config] classpath:karate-config.js
10:53:05.633 [main] INFO  com.intuit.karate - karate.env system property was: null 
10:53:05.641 [main] INFO  com.intuit.karate - >> lock acquired, begin callSingle: classpath:helpers/CreateToken.feature
10:53:06.046 [main] DEBUG com.intuit.karate - request:
1 > POST https://conduit-api.bondaracademy.com/api/users/login
1 > Content-Type: application/json; charset=UTF-8
1 > Content-Length: 62
1 > Host: conduit-api.bondaracademy.com
1 > Connection: Keep-Alive
1 > User-Agent: Apache-HttpClient/4.5.14 (Java/17.0.12)
1 > Accept-Encoding: gzip,deflate
{"user":{"email":"karatej@gmail.com","password":"karate1234"}}

10:53:06.975 [main] DEBUG com.intuit.karate - response time in milliseconds: 925
1 < 200
1 < x-powered-by: Express
1 < access-control-allow-origin: https://conduit.bondaracademy.com
1 < vary: Origin
1 < content-type: application/json; charset=utf-8
1 < etag: W/"133-mW0E6Vb/PKsLQeMU+wmSf1JZ5X0"
1 < X-Cloud-Trace-Context: 1f21338c98a950d48bdc37c5a8fa2fe0;o=1
1 < Date: Thu, 10 Oct 2024 05:23:06 GMT
1 < Server: Google Frontend
1 < Content-Length: 307
{"user":{"email":"karatej@gmail.com","username":"karatej","bio":null,"image":"https://conduit-api.bondaracademy.com/images/smiley-cyrus.jpeg","token":"eyJhbGciOiJIUzI1NiIsInR5cCI6IkpXVCJ9.eyJ1c2VyIjp7ImlkIjo5NTQ2fSwiaWF0IjoxNzI4NTM3Nzg2LCJleHAiOjE3MzM3MjE3ODZ9.RHs-2-FBXfavaSUnr7iUueyIRRCcTs9k0nepX_-aF1k"}}

10:53:06.985 [main] INFO  com.intuit.karate - << lock released, cached callSingle: classpath:helpers/CreateToken.feature
10:53:06.986 [main] INFO  com.intuit.karate - Access Token: eyJhbGciOiJIUzI1NiIsInR5cCI6IkpXVCJ9.eyJ1c2VyIjp7ImlkIjo5NTQ2fSwiaWF0IjoxNzI4NTM3Nzg2LCJleHAiOjE3MzM3MjE3ODZ9.RHs-2-FBXfavaSUnr7iUueyIRRCcTs9k0nepX_-aF1k 
10:53:06.997 [main] INFO  com.intuit.karate - >> lock acquired, begin callonce: read('classpath:helpers/CreateToken.feature') {"email":"karatej@gmail.com","password":"karate1234"}
10:53:07.002 [main] DEBUG com.intuit.karate - request:
1 > POST https://conduit-api.bondaracademy.com/api/users/login
1 > Authorization: Token eyJhbGciOiJIUzI1NiIsInR5cCI6IkpXVCJ9.eyJ1c2VyIjp7ImlkIjo5NTQ2fSwiaWF0IjoxNzI4NTM3Nzg2LCJleHAiOjE3MzM3MjE3ODZ9.RHs-2-FBXfavaSUnr7iUueyIRRCcTs9k0nepX_-aF1k
1 > Content-Type: application/json; charset=UTF-8
1 > Content-Length: 62
1 > Host: conduit-api.bondaracademy.com
1 > Connection: Keep-Alive
1 > User-Agent: Apache-HttpClient/4.5.14 (Java/17.0.12)
1 > Accept-Encoding: gzip,deflate
{"user":{"email":"karatej@gmail.com","password":"karate1234"}}

10:53:07.461 [main] DEBUG com.intuit.karate - response time in milliseconds: 458
1 < 200
1 < x-powered-by: Express
1 < access-control-allow-origin: https://conduit.bondaracademy.com
1 < vary: Origin
1 < content-type: application/json; charset=utf-8
1 < etag: W/"133-tL1P2Jf5jhFwl+J1spavSmBaCKI"
1 < X-Cloud-Trace-Context: 4a36dbb5020fa3566f00f634a80463e5
1 < Date: Thu, 10 Oct 2024 05:23:07 GMT
1 < Server: Google Frontend
1 < Content-Length: 307
{"user":{"email":"karatej@gmail.com","username":"karatej","bio":null,"image":"https://conduit-api.bondaracademy.com/images/smiley-cyrus.jpeg","token":"eyJhbGciOiJIUzI1NiIsInR5cCI6IkpXVCJ9.eyJ1c2VyIjp7ImlkIjo5NTQ2fSwiaWF0IjoxNzI4NTM3Nzg3LCJleHAiOjE3MzM3MjE3ODd9.VyWKz0PVg1aHSBZbbjStKU9kuLSbIX1A6kU4PNe3y24"}}

10:53:07.471 [main] INFO  com.intuit.karate - << lock released, cached callonce: read('classpath:helpers/CreateToken.feature') {"email":"karatej@gmail.com","password":"karate1234"}
10:53:07.475 [main] DEBUG com.intuit.karate - request:
1 > POST https://conduit-api.bondaracademy.com/api/articles
1 > Content-Type: application/json; charset=UTF-8
1 > Authorization: Token eyJhbGciOiJIUzI1NiIsInR5cCI6IkpXVCJ9.eyJ1c2VyIjp7ImlkIjo5NTQ2fSwiaWF0IjoxNzI4NTM3Nzg2LCJleHAiOjE3MzM3MjE3ODZ9.RHs-2-FBXfavaSUnr7iUueyIRRCcTs9k0nepX_-aF1k
1 > Content-Length: 122
1 > Host: conduit-api.bondaracademy.com
1 > Connection: Keep-Alive
1 > User-Agent: Apache-HttpClient/4.5.14 (Java/17.0.12)
1 > Accept-Encoding: gzip,deflate
{"article":{"title":"test article11221","description":"test article2","body":"test article2","tagList":["test article4"]}}

10:53:07.838 [main] DEBUG com.intuit.karate - response time in milliseconds: 361
1 < 422
1 < x-powered-by: Express
1 < access-control-allow-origin: https://conduit.bondaracademy.com
1 < vary: Origin
1 < content-type: application/json; charset=utf-8
1 < etag: W/"27-BNeuaWQ7DHvW/r+pl+qdJiF06Is"
1 < X-Cloud-Trace-Context: 661c70447157587cfa7ad876f61bb500
1 < Date: Thu, 10 Oct 2024 05:23:07 GMT
1 < Server: Google Frontend
1 < Content-Length: 39
{"errors":{"title":["must be unique"]}}

10:53:07.848 [main] ERROR com.intuit.karate - classpath:conduitApp/feature/Articles.feature:22
And status 201
status code was: 422, expected: 201, response time in milliseconds: 361, url: https://conduit-api.bondaracademy.com/api/articles, response: 
{"errors":{"title":["must be unique"]}}
classpath:conduitApp/feature/Articles.feature:22
]]></system-out>
  </testcase>
  <testcase name="[2:25] Create, Get and Delete Article" classname="conduitApp/feature/Articles" time="1.607">
    <failure message="js failed:&#10;&gt;&gt;&gt;&gt;&#10;01: [&apos;articles&apos;, articleId  // Correctly formatted path for deletion]&#10;&lt;&lt;&lt;&lt;&#10;org.graalvm.polyglot.PolyglotException: SyntaxError: Unnamed:1:65 Expected comma but found eof&#10;[&apos;articles&apos;, articleId  // Correctly formatted path for deletion]&#10;                                                                 ^&#10;&#10;- org.graalvm.polyglot.Context.eval(Context.java:428)&#10;- com.intuit.karate.graal.JsEngine.evalForValue(JsEngine.java:169)&#10;- com.intuit.karate.graal.JsEngine.eval(JsEngine.java:165)&#10;- com.intuit.karate.core.ScenarioEngine.evalJs(ScenarioEngine.java:1252)&#10;- com.intuit.karate.core.ScenarioEngine.path(ScenarioEngine.java:372)&#10;- com.intuit.karate.ScenarioActions.path(ScenarioActions.java:80)&#10;- java.base/jdk.internal.reflect.NativeMethodAccessorImpl.invoke0(Native Method)&#10;&#10;classpath:conduitApp/feature/Articles.feature:52" type="org.opentest4j.AssertionFailedError"><![CDATA[org.opentest4j.AssertionFailedError: 
js failed:
>>>>
01: ['articles', articleId  // Correctly formatted path for deletion]
<<<<
org.graalvm.polyglot.PolyglotException: SyntaxError: Unnamed:1:65 Expected comma but found eof
['articles', articleId  // Correctly formatted path for deletion]
                                                                 ^

- org.graalvm.polyglot.Context.eval(Context.java:428)
- com.intuit.karate.graal.JsEngine.evalForValue(JsEngine.java:169)
- com.intuit.karate.graal.JsEngine.eval(JsEngine.java:165)
- com.intuit.karate.core.ScenarioEngine.evalJs(ScenarioEngine.java:1252)
- com.intuit.karate.core.ScenarioEngine.path(ScenarioEngine.java:372)
- com.intuit.karate.ScenarioActions.path(ScenarioActions.java:80)
- java.base/jdk.internal.reflect.NativeMethodAccessorImpl.invoke0(Native Method)

classpath:conduitApp/feature/Articles.feature:52
	at com.intuit.karate.junit5.FeatureNode.lambda$next$1(FeatureNode.java:86)
	at java.base/java.util.stream.ForEachOps$ForEachOp$OfRef.accept(ForEachOps.java:183)
	at java.base/java.util.stream.ReferencePipeline$3$1.accept(ReferencePipeline.java:197)
	at java.base/java.util.stream.ReferencePipeline$2$1.accept(ReferencePipeline.java:179)
	at java.base/java.util.stream.ReferencePipeline$3$1.accept(ReferencePipeline.java:197)
	at java.base/java.util.Iterator.forEachRemaining(Iterator.java:133)
	at java.base/java.util.Spliterators$IteratorSpliterator.forEachRemaining(Spliterators.java:1845)
	at java.base/java.util.stream.AbstractPipeline.copyInto(AbstractPipeline.java:509)
	at java.base/java.util.stream.AbstractPipeline.wrapAndCopyInto(AbstractPipeline.java:499)
	at java.base/java.util.stream.ForEachOps$ForEachOp.evaluateSequential(ForEachOps.java:150)
	at java.base/java.util.stream.ForEachOps$ForEachOp$OfRef.evaluateSequential(ForEachOps.java:173)
	at java.base/java.util.stream.AbstractPipeline.evaluate(AbstractPipeline.java:234)
	at java.base/java.util.stream.ReferencePipeline.forEachOrdered(ReferencePipeline.java:601)
	at java.base/java.util.Optional.ifPresent(Optional.java:178)
	at java.base/java.util.ArrayList.forEach(ArrayList.java:1511)
	at java.base/java.util.ArrayList.forEach(ArrayList.java:1511)
]]></failure>
    <system-out><![CDATA[10:53:07.879 [main] INFO  com.intuit.karate - karate.env system property was: null 
10:53:07.881 [main] INFO  com.intuit.karate - Access Token: eyJhbGciOiJIUzI1NiIsInR5cCI6IkpXVCJ9.eyJ1c2VyIjp7ImlkIjo5NTQ2fSwiaWF0IjoxNzI4NTM3Nzg2LCJleHAiOjE3MzM3MjE3ODZ9.RHs-2-FBXfavaSUnr7iUueyIRRCcTs9k0nepX_-aF1k 
10:53:07.896 [main] INFO  com.intuit.karate - [print] Unique Title: Jaga 1728537787890 
10:53:07.897 [main] INFO  com.intuit.karate - [print] Token: eyJhbGciOiJIUzI1NiIsInR5cCI6IkpXVCJ9.eyJ1c2VyIjp7ImlkIjo5NTQ2fSwiaWF0IjoxNzI4NTM3Nzg3LCJleHAiOjE3MzM3MjE3ODd9.VyWKz0PVg1aHSBZbbjStKU9kuLSbIX1A6kU4PNe3y24 
10:53:07.899 [main] INFO  com.intuit.karate - [print] Request payload: {
  "article": {
    "title": "Jaga 1728537787890",
    "description": "Jaga 1728537787890",
    "body": "Jaga 1728537787890",
    "tagList": [
      "Jaga 1728537787890"
    ]
  }
}
 
10:53:07.902 [main] DEBUG com.intuit.karate - request:
1 > POST https://conduit-api.bondaracademy.com/api/articles
1 > Content-Type: application/json; charset=UTF-8
1 > Authorization: Token eyJhbGciOiJIUzI1NiIsInR5cCI6IkpXVCJ9.eyJ1c2VyIjp7ImlkIjo5NTQ2fSwiaWF0IjoxNzI4NTM3Nzg2LCJleHAiOjE3MzM3MjE3ODZ9.RHs-2-FBXfavaSUnr7iUueyIRRCcTs9k0nepX_-aF1k
1 > Content-Length: 138
1 > Host: conduit-api.bondaracademy.com
1 > Connection: Keep-Alive
1 > User-Agent: Apache-HttpClient/4.5.14 (Java/17.0.12)
1 > Accept-Encoding: gzip,deflate
{"article":{"title":"Jaga 1728537787890","description":"Jaga 1728537787890","body":"Jaga 1728537787890","tagList":["Jaga 1728537787890"]}}

10:53:08.333 [main] DEBUG com.intuit.karate - response time in milliseconds: 429
1 < 201
1 < x-powered-by: Express
1 < access-control-allow-origin: https://conduit.bondaracademy.com
1 < vary: Origin
1 < content-type: application/json; charset=utf-8
1 < etag: W/"1a4-ekGe0XtSdoB6qTsIg1+mQtE93E8"
1 < X-Cloud-Trace-Context: 46485d725be70f6a7e4ba0870c716757
1 < Date: Thu, 10 Oct 2024 05:23:08 GMT
1 < Server: Google Frontend
1 < Content-Length: 420
{"article":{"slug":"Jaga-1728537787890-9546","title":"Jaga 1728537787890","description":"Jaga 1728537787890","body":"Jaga 1728537787890","tagList":["Jaga 1728537787890"],"createdAt":"2024-10-10T05:23:08.139Z","updatedAt":"2024-10-10T05:23:08.139Z","favorited":false,"favoritesCount":0,"author":{"username":"karatej","bio":null,"image":"https://conduit-api.bondaracademy.com/images/smiley-cyrus.jpeg","following":false}}}

10:53:08.336 [main] INFO  com.intuit.karate - [print] Response: {
  "article": {
    "slug": "Jaga-1728537787890-9546",
    "title": "Jaga 1728537787890",
    "description": "Jaga 1728537787890",
    "body": "Jaga 1728537787890",
    "tagList": [
      "Jaga 1728537787890"
    ],
    "createdAt": "2024-10-10T05:23:08.139Z",
    "updatedAt": "2024-10-10T05:23:08.139Z",
    "favorited": false,
    "favoritesCount": 0,
    "author": {
      "username": "karatej",
      "bio": null,
      "image": "https://conduit-api.bondaracademy.com/images/smiley-cyrus.jpeg",
      "following": false
    }
  }
}
 
10:53:08.350 [main] INFO  com.intuit.karate - [print] Article ID: Jaga-1728537787890-9546 
10:53:08.356 [main] DEBUG com.intuit.karate - request:
2 > GET https://conduit-api.bondaracademy.com/api/articles?limit=10&offset=0
2 > Authorization: Token eyJhbGciOiJIUzI1NiIsInR5cCI6IkpXVCJ9.eyJ1c2VyIjp7ImlkIjo5NTQ2fSwiaWF0IjoxNzI4NTM3Nzg2LCJleHAiOjE3MzM3MjE3ODZ9.RHs-2-FBXfavaSUnr7iUueyIRRCcTs9k0nepX_-aF1k
2 > Host: conduit-api.bondaracademy.com
2 > Connection: Keep-Alive
2 > User-Agent: Apache-HttpClient/4.5.14 (Java/17.0.12)
2 > Accept-Encoding: gzip,deflate


10:53:08.840 [main] DEBUG com.intuit.karate - response time in milliseconds: 483
2 < 200
2 < x-powered-by: Express
2 < access-control-allow-origin: https://conduit.bondaracademy.com
2 < vary: Origin
2 < content-type: application/json; charset=utf-8
2 < etag: W/"100a-LtwogBWDECq+YSYDVa1p2WKi5QY"
2 < X-Cloud-Trace-Context: c96240c1ae52b02882d5307e29491b1f
2 < Date: Thu, 10 Oct 2024 05:23:08 GMT
2 < Server: Google Frontend
2 < Content-Length: 4106
{"articles":[{"slug":"Jaga-1728537787890-9546","title":"Jaga 1728537787890","description":"Jaga 1728537787890","body":"Jaga 1728537787890","tagList":["Jaga 1728537787890"],"createdAt":"2024-10-10T05:23:08.139Z","updatedAt":"2024-10-10T05:23:08.139Z","favorited":false,"favoritesCount":0,"author":{"username":"karatej","bio":null,"image":"https://conduit-api.bondaracademy.com/images/smiley-cyrus.jpeg","following":false}},{"slug":"Jaga-1728460326672-9546","title":"Jaga 1728460326672","description":"Jaga 1728460326672","body":"Jaga 1728460326672","tagList":["Jaga 1728460326672"],"createdAt":"2024-10-09T07:52:06.940Z","updatedAt":"2024-10-09T07:52:06.940Z","favorited":false,"favoritesCount":0,"author":{"username":"karatej","bio":null,"image":"https://conduit-api.bondaracademy.com/images/smiley-cyrus.jpeg","following":false}},{"slug":"Jaga-1728460324004-9546","title":"Jaga 1728460324004","description":"Jaga 1728460324004","body":"Jaga 1728460324004","tagList":["Jaga 1728460324004"],"createdAt":"2024-10-09T07:52:04.294Z","updatedAt":"2024-10-09T07:52:04.294Z","favorited":false,"favoritesCount":0,"author":{"username":"karatej","bio":null,"image":"https://conduit-api.bondaracademy.com/images/smiley-cyrus.jpeg","following":false}},{"slug":"test-article11221-9546","title":"test article11221","description":"test article2","body":"test article2","tagList":["test article4"],"createdAt":"2024-10-09T07:52:03.807Z","updatedAt":"2024-10-09T07:52:03.807Z","favorited":false,"favoritesCount":0,"author":{"username":"karatej","bio":null,"image":"https://conduit-api.bondaracademy.com/images/smiley-cyrus.jpeg","following":false}},{"slug":"Jaga-1728460243951-9546","title":"Jaga 1728460243951","description":"Jaga 1728460243951","body":"Jaga 1728460243951","tagList":["Jaga 1728460243951"],"createdAt":"2024-10-09T07:50:44.228Z","updatedAt":"2024-10-09T07:50:44.228Z","favorited":false,"favoritesCount":0,"author":{"username":"karatej","bio":null,"image":"https://conduit-api.bondaracademy.com/images/smiley-cyrus.jpeg","following":false}},{"slug":"Jaga-1728460241281-9546","title":"Jaga 1728460241281","description":"Jaga 1728460241281","body":"Jaga 1728460241281","tagList":["Jaga 1728460241281"],"createdAt":"2024-10-09T07:50:41.559Z","updatedAt":"2024-10-09T07:50:41.559Z","favorited":false,"favoritesCount":0,"author":{"username":"karatej","bio":null,"image":"https://conduit-api.bondaracademy.com/images/smiley-cyrus.jpeg","following":false}},{"slug":"Jaga-1728455237696-9546","title":"Jaga 1728455237696","description":"Jaga 1728455237696","body":"Jaga 1728455237696","tagList":["Jaga 1728455237696"],"createdAt":"2024-10-09T06:27:17.962Z","updatedAt":"2024-10-09T06:27:17.962Z","favorited":false,"favoritesCount":0,"author":{"username":"karatej","bio":null,"image":"https://conduit-api.bondaracademy.com/images/smiley-cyrus.jpeg","following":false}},{"slug":"Jaga-1728454784753-9546","title":"Jaga 1728454784753","description":"Jaga 1728454784753","body":"Jaga 1728454784753","tagList":["Jaga 1728454784753"],"createdAt":"2024-10-09T06:19:45.004Z","updatedAt":"2024-10-09T06:19:45.004Z","favorited":false,"favoritesCount":0,"author":{"username":"karatej","bio":null,"image":"https://conduit-api.bondaracademy.com/images/smiley-cyrus.jpeg","following":false}},{"slug":"Jaga-1728379153017-9546","title":"Jaga 1728379153017","description":"Jaga 1728379153017","body":"Jaga 1728379153017","tagList":["Jaga 1728379153017"],"createdAt":"2024-10-08T09:19:12.074Z","updatedAt":"2024-10-08T09:19:12.074Z","favorited":false,"favoritesCount":0,"author":{"username":"karatej","bio":null,"image":"https://conduit-api.bondaracademy.com/images/smiley-cyrus.jpeg","following":false}},{"slug":"Jaga-1728376115214-9546","title":"Jaga 1728376115214","description":"Jaga 1728376115214","body":"Jaga 1728376115214","tagList":["Jaga 1728376115214"],"createdAt":"2024-10-08T08:28:34.240Z","updatedAt":"2024-10-08T08:28:34.240Z","favorited":false,"favoritesCount":0,"author":{"username":"karatej","bio":null,"image":"https://conduit-api.bondaracademy.com/images/smiley-cyrus.jpeg","following":false}}],"articlesCount":45}

10:53:08.869 [main] ERROR com.intuit.karate - classpath:conduitApp/feature/Articles.feature:52
Given path 'articles', articleId  // Correctly formatted path for deletion
js failed:
>>>>
01: ['articles', articleId  // Correctly formatted path for deletion]
<<<<
org.graalvm.polyglot.PolyglotException: SyntaxError: Unnamed:1:65 Expected comma but found eof
['articles', articleId  // Correctly formatted path for deletion]
                                                                 ^

- org.graalvm.polyglot.Context.eval(Context.java:428)
- com.intuit.karate.graal.JsEngine.evalForValue(JsEngine.java:169)
- com.intuit.karate.graal.JsEngine.eval(JsEngine.java:165)
- com.intuit.karate.core.ScenarioEngine.evalJs(ScenarioEngine.java:1252)
- com.intuit.karate.core.ScenarioEngine.path(ScenarioEngine.java:372)
- com.intuit.karate.ScenarioActions.path(ScenarioActions.java:80)
- java.base/jdk.internal.reflect.NativeMethodAccessorImpl.invoke0(Native Method)

classpath:conduitApp/feature/Articles.feature:52
---------------------------------------------------------
feature: classpath:conduitApp/feature/Articles.feature
scenarios:  2 | passed:  0 | failed:  2 | time: 1.8388
---------------------------------------------------------

]]></system-out>
  </testcase>
  <testcase name="testParallel" classname="conduitApp.conduitTest" time="2.42">
    <failure message="status code was: 422, expected: 201, response time in milliseconds: 349, url: https://conduit-api.bondaracademy.com/api/articles, response: &#10;{&quot;errors&quot;:{&quot;title&quot;:[&quot;must be unique&quot;]}}&#10;classpath:conduitApp/feature/Articles.feature:22&#10;js failed:&#10;&gt;&gt;&gt;&gt;&#10;01: [&apos;articles&apos;, articleId  // Correctly formatted path for deletion]&#10;&lt;&lt;&lt;&lt;&#10;org.graalvm.polyglot.PolyglotException: SyntaxError: Unnamed:1:65 Expected comma but found eof&#10;[&apos;articles&apos;, articleId  // Correctly formatted path for deletion]&#10;                                                                 ^&#10;&#10;- org.graalvm.polyglot.Context.eval(Context.java:428)&#10;- com.intuit.karate.graal.JsEngine.evalForValue(JsEngine.java:169)&#10;- com.intuit.karate.graal.JsEngine.eval(JsEngine.java:165)&#10;- com.intuit.karate.core.ScenarioEngine.evalJs(ScenarioEngine.java:1252)&#10;- com.intuit.karate.core.ScenarioEngine.path(ScenarioEngine.java:372)&#10;- com.intuit.karate.ScenarioActions.path(ScenarioActions.java:80)&#10;- java.base/jdk.internal.reflect.NativeMethodAccessorImpl.invoke0(Native Method)&#10;&#10;classpath:conduitApp/feature/Articles.feature:52 ==&gt; expected: &lt;0&gt; but was: &lt;2&gt;" type="org.opentest4j.AssertionFailedError"><![CDATA[org.opentest4j.AssertionFailedError: 
status code was: 422, expected: 201, response time in milliseconds: 349, url: https://conduit-api.bondaracademy.com/api/articles, response: 
{"errors":{"title":["must be unique"]}}
classpath:conduitApp/feature/Articles.feature:22
js failed:
>>>>
01: ['articles', articleId  // Correctly formatted path for deletion]
<<<<
org.graalvm.polyglot.PolyglotException: SyntaxError: Unnamed:1:65 Expected comma but found eof
['articles', articleId  // Correctly formatted path for deletion]
                                                                 ^

- org.graalvm.polyglot.Context.eval(Context.java:428)
- com.intuit.karate.graal.JsEngine.evalForValue(JsEngine.java:169)
- com.intuit.karate.graal.JsEngine.eval(JsEngine.java:165)
- com.intuit.karate.core.ScenarioEngine.evalJs(ScenarioEngine.java:1252)
- com.intuit.karate.core.ScenarioEngine.path(ScenarioEngine.java:372)
- com.intuit.karate.ScenarioActions.path(ScenarioActions.java:80)
- java.base/jdk.internal.reflect.NativeMethodAccessorImpl.invoke0(Native Method)

classpath:conduitApp/feature/Articles.feature:52 ==> expected: <0> but was: <2>
	at org.junit.jupiter.api.AssertionFailureBuilder.build(AssertionFailureBuilder.java:151)
	at org.junit.jupiter.api.AssertionFailureBuilder.buildAndThrow(AssertionFailureBuilder.java:132)
	at org.junit.jupiter.api.AssertEquals.failNotEqual(AssertEquals.java:197)
	at org.junit.jupiter.api.AssertEquals.assertEquals(AssertEquals.java:150)
	at org.junit.jupiter.api.Assertions.assertEquals(Assertions.java:563)
	at conduitApp.conduitTest.testParallel(conduitTest.java:17)
	at java.base/java.lang.reflect.Method.invoke(Method.java:568)
	at java.base/java.util.ArrayList.forEach(ArrayList.java:1511)
	at java.base/java.util.ArrayList.forEach(ArrayList.java:1511)
]]></failure>
    <system-out><![CDATA[10:53:09.495 [main] INFO  com.intuit.karate.Runner - using system property 'karate.options': --tags=@Debug
10:53:09.668 [main] DEBUG com.intuit.karate.Suite - [config] classpath:karate-config.js
10:53:09.674 [main] INFO  com.intuit.karate.Suite - backed up existing 'target\karate-reports' dir to: target\karate-reports_1728537789670
10:53:09.676 [main] DEBUG com.intuit.karate.Suite - waiting for 2 features to complete
10:53:09.701 [pool-2-thread-1] INFO  com.intuit.karate - karate.env system property was: null 
10:53:09.701 [pool-2-thread-2] INFO  com.intuit.karate - karate.env system property was: null 
10:53:09.702 [pool-2-thread-1] INFO  com.intuit.karate - >> lock acquired, begin callSingle: classpath:helpers/CreateToken.feature
10:53:09.709 [pool-2-thread-1] DEBUG com.intuit.karate - request:
1 > POST https://conduit-api.bondaracademy.com/api/users/login
1 > Content-Type: application/json; charset=UTF-8
1 > Content-Length: 62
1 > Host: conduit-api.bondaracademy.com
1 > Connection: Keep-Alive
1 > User-Agent: Apache-HttpClient/4.5.14 (Java/17.0.12)
1 > Accept-Encoding: gzip,deflate
{"user":{"email":"karatej@gmail.com","password":"karate1234"}}

10:53:10.173 [pool-2-thread-1] DEBUG com.intuit.karate - response time in milliseconds: 463
1 < 200
1 < x-powered-by: Express
1 < access-control-allow-origin: https://conduit.bondaracademy.com
1 < vary: Origin
1 < content-type: application/json; charset=utf-8
1 < etag: W/"133-ufDXg+x1BBndzPWpincdSeKE9R8"
1 < X-Cloud-Trace-Context: dd96b34f941121354e9376c48e868c84
1 < Date: Thu, 10 Oct 2024 05:23:10 GMT
1 < Server: Google Frontend
1 < Content-Length: 307
{"user":{"email":"karatej@gmail.com","username":"karatej","bio":null,"image":"https://conduit-api.bondaracademy.com/images/smiley-cyrus.jpeg","token":"eyJhbGciOiJIUzI1NiIsInR5cCI6IkpXVCJ9.eyJ1c2VyIjp7ImlkIjo5NTQ2fSwiaWF0IjoxNzI4NTM3NzkwLCJleHAiOjE3MzM3MjE3OTB9.ZwZJZGkCxfh0b0JtPctCUhC_PDS03FxWijjXIzva0YY"}}

10:53:10.175 [pool-2-thread-1] INFO  com.intuit.karate - << lock released, cached callSingle: classpath:helpers/CreateToken.feature
10:53:10.176 [pool-2-thread-2] WARN  com.intuit.karate - this thread waited 474 milliseconds for callSingle lock: classpath:helpers/CreateToken.feature
10:53:10.176 [pool-2-thread-1] INFO  com.intuit.karate - Access Token: eyJhbGciOiJIUzI1NiIsInR5cCI6IkpXVCJ9.eyJ1c2VyIjp7ImlkIjo5NTQ2fSwiaWF0IjoxNzI4NTM3NzkwLCJleHAiOjE3MzM3MjE3OTB9.ZwZJZGkCxfh0b0JtPctCUhC_PDS03FxWijjXIzva0YY 
10:53:10.176 [pool-2-thread-2] INFO  com.intuit.karate - Access Token: eyJhbGciOiJIUzI1NiIsInR5cCI6IkpXVCJ9.eyJ1c2VyIjp7ImlkIjo5NTQ2fSwiaWF0IjoxNzI4NTM3NzkwLCJleHAiOjE3MzM3MjE3OTB9.ZwZJZGkCxfh0b0JtPctCUhC_PDS03FxWijjXIzva0YY 
10:53:10.179 [pool-2-thread-1] INFO  com.intuit.karate - >> lock acquired, begin callonce: read('classpath:helpers/CreateToken.feature') {"email":"karatej@gmail.com","password":"karate1234"}
10:53:10.185 [pool-2-thread-1] DEBUG com.intuit.karate - request:
1 > POST https://conduit-api.bondaracademy.com/api/users/login
1 > Authorization: Token eyJhbGciOiJIUzI1NiIsInR5cCI6IkpXVCJ9.eyJ1c2VyIjp7ImlkIjo5NTQ2fSwiaWF0IjoxNzI4NTM3NzkwLCJleHAiOjE3MzM3MjE3OTB9.ZwZJZGkCxfh0b0JtPctCUhC_PDS03FxWijjXIzva0YY
1 > Content-Type: application/json; charset=UTF-8
1 > Content-Length: 62
1 > Host: conduit-api.bondaracademy.com
1 > Connection: Keep-Alive
1 > User-Agent: Apache-HttpClient/4.5.14 (Java/17.0.12)
1 > Accept-Encoding: gzip,deflate
{"user":{"email":"karatej@gmail.com","password":"karate1234"}}

10:53:10.650 [pool-2-thread-1] DEBUG com.intuit.karate - response time in milliseconds: 455
1 < 200
1 < x-powered-by: Express
1 < access-control-allow-origin: https://conduit.bondaracademy.com
1 < vary: Origin
1 < content-type: application/json; charset=utf-8
1 < etag: W/"133-ufDXg+x1BBndzPWpincdSeKE9R8"
1 < X-Cloud-Trace-Context: fa56517f47facb2d9a78766fba9b8acc
1 < Date: Thu, 10 Oct 2024 05:23:10 GMT
1 < Server: Google Frontend
1 < Content-Length: 307
{"user":{"email":"karatej@gmail.com","username":"karatej","bio":null,"image":"https://conduit-api.bondaracademy.com/images/smiley-cyrus.jpeg","token":"eyJhbGciOiJIUzI1NiIsInR5cCI6IkpXVCJ9.eyJ1c2VyIjp7ImlkIjo5NTQ2fSwiaWF0IjoxNzI4NTM3NzkwLCJleHAiOjE3MzM3MjE3OTB9.ZwZJZGkCxfh0b0JtPctCUhC_PDS03FxWijjXIzva0YY"}}

10:53:10.652 [pool-2-thread-1] INFO  com.intuit.karate - << lock released, cached callonce: read('classpath:helpers/CreateToken.feature') {"email":"karatej@gmail.com","password":"karate1234"}
10:53:10.652 [pool-2-thread-2] WARN  com.intuit.karate - this thread waited 472 milliseconds for callonce lock: read('classpath:helpers/CreateToken.feature') {"email":"karatej@gmail.com","password":"karate1234"}
10:53:10.655 [pool-2-thread-2] INFO  com.intuit.karate - [print] Unique Title: Jaga 1728537790654 
10:53:10.655 [pool-2-thread-1] DEBUG com.intuit.karate - request:
1 > POST https://conduit-api.bondaracademy.com/api/articles
1 > Content-Type: application/json; charset=UTF-8
1 > Authorization: Token eyJhbGciOiJIUzI1NiIsInR5cCI6IkpXVCJ9.eyJ1c2VyIjp7ImlkIjo5NTQ2fSwiaWF0IjoxNzI4NTM3NzkwLCJleHAiOjE3MzM3MjE3OTB9.ZwZJZGkCxfh0b0JtPctCUhC_PDS03FxWijjXIzva0YY
1 > Content-Length: 122
1 > Host: conduit-api.bondaracademy.com
1 > Connection: Keep-Alive
1 > User-Agent: Apache-HttpClient/4.5.14 (Java/17.0.12)
1 > Accept-Encoding: gzip,deflate
{"article":{"title":"test article11221","description":"test article2","body":"test article2","tagList":["test article4"]}}

10:53:10.656 [pool-2-thread-2] INFO  com.intuit.karate - [print] Token: eyJhbGciOiJIUzI1NiIsInR5cCI6IkpXVCJ9.eyJ1c2VyIjp7ImlkIjo5NTQ2fSwiaWF0IjoxNzI4NTM3NzkwLCJleHAiOjE3MzM3MjE3OTB9.ZwZJZGkCxfh0b0JtPctCUhC_PDS03FxWijjXIzva0YY 
10:53:10.657 [pool-2-thread-2] INFO  com.intuit.karate - [print] Request payload: {
  "article": {
    "title": "Jaga 1728537790654",
    "description": "Jaga 1728537790654",
    "body": "Jaga 1728537790654",
    "tagList": [
      "Jaga 1728537790654"
    ]
  }
}
 
10:53:10.660 [pool-2-thread-2] DEBUG com.intuit.karate - request:
1 > POST https://conduit-api.bondaracademy.com/api/articles
1 > Content-Type: application/json; charset=UTF-8
1 > Authorization: Token eyJhbGciOiJIUzI1NiIsInR5cCI6IkpXVCJ9.eyJ1c2VyIjp7ImlkIjo5NTQ2fSwiaWF0IjoxNzI4NTM3NzkwLCJleHAiOjE3MzM3MjE3OTB9.ZwZJZGkCxfh0b0JtPctCUhC_PDS03FxWijjXIzva0YY
1 > Content-Length: 138
1 > Host: conduit-api.bondaracademy.com
1 > Connection: Keep-Alive
1 > User-Agent: Apache-HttpClient/4.5.14 (Java/17.0.12)
1 > Accept-Encoding: gzip,deflate
{"article":{"title":"Jaga 1728537790654","description":"Jaga 1728537790654","body":"Jaga 1728537790654","tagList":["Jaga 1728537790654"]}}

10:53:11.004 [pool-2-thread-1] DEBUG com.intuit.karate - response time in milliseconds: 349
1 < 422
1 < x-powered-by: Express
1 < access-control-allow-origin: https://conduit.bondaracademy.com
1 < vary: Origin
1 < content-type: application/json; charset=utf-8
1 < etag: W/"27-BNeuaWQ7DHvW/r+pl+qdJiF06Is"
1 < X-Cloud-Trace-Context: 544c47d8673b598ac5bc286e8719e8d3
1 < Date: Thu, 10 Oct 2024 05:23:10 GMT
1 < Server: Google Frontend
1 < Content-Length: 39
{"errors":{"title":["must be unique"]}}

10:53:11.005 [pool-2-thread-1] ERROR com.intuit.karate - classpath:conduitApp/feature/Articles.feature:22
And status 201
status code was: 422, expected: 201, response time in milliseconds: 349, url: https://conduit-api.bondaracademy.com/api/articles, response: 
{"errors":{"title":["must be unique"]}}
classpath:conduitApp/feature/Articles.feature:22
10:53:11.103 [pool-2-thread-2] DEBUG com.intuit.karate - response time in milliseconds: 442
1 < 201
1 < x-powered-by: Express
1 < access-control-allow-origin: https://conduit.bondaracademy.com
1 < vary: Origin
1 < content-type: application/json; charset=utf-8
1 < etag: W/"1a4-yl/3nO+4OXnoapmlvr3cEYwDdn4"
1 < X-Cloud-Trace-Context: 48dc0d7322f98319752e9e1c72150ac4
1 < Date: Thu, 10 Oct 2024 05:23:10 GMT
1 < Server: Google Frontend
1 < Content-Length: 420
{"article":{"slug":"Jaga-1728537790654-9546","title":"Jaga 1728537790654","description":"Jaga 1728537790654","body":"Jaga 1728537790654","tagList":["Jaga 1728537790654"],"createdAt":"2024-10-10T05:23:10.900Z","updatedAt":"2024-10-10T05:23:10.900Z","favorited":false,"favoritesCount":0,"author":{"username":"karatej","bio":null,"image":"https://conduit-api.bondaracademy.com/images/smiley-cyrus.jpeg","following":false}}}

10:53:11.105 [pool-2-thread-2] INFO  com.intuit.karate - [print] Response: {
  "article": {
    "slug": "Jaga-1728537790654-9546",
    "title": "Jaga 1728537790654",
    "description": "Jaga 1728537790654",
    "body": "Jaga 1728537790654",
    "tagList": [
      "Jaga 1728537790654"
    ],
    "createdAt": "2024-10-10T05:23:10.900Z",
    "updatedAt": "2024-10-10T05:23:10.900Z",
    "favorited": false,
    "favoritesCount": 0,
    "author": {
      "username": "karatej",
      "bio": null,
      "image": "https://conduit-api.bondaracademy.com/images/smiley-cyrus.jpeg",
      "following": false
    }
  }
}
 
10:53:11.107 [pool-2-thread-2] INFO  com.intuit.karate - [print] Article ID: Jaga-1728537790654-9546 
10:53:11.109 [pool-2-thread-2] DEBUG com.intuit.karate - request:
2 > GET https://conduit-api.bondaracademy.com/api/articles?limit=10&offset=0
2 > Authorization: Token eyJhbGciOiJIUzI1NiIsInR5cCI6IkpXVCJ9.eyJ1c2VyIjp7ImlkIjo5NTQ2fSwiaWF0IjoxNzI4NTM3NzkwLCJleHAiOjE3MzM3MjE3OTB9.ZwZJZGkCxfh0b0JtPctCUhC_PDS03FxWijjXIzva0YY
2 > Host: conduit-api.bondaracademy.com
2 > Connection: Keep-Alive
2 > User-Agent: Apache-HttpClient/4.5.14 (Java/17.0.12)
2 > Accept-Encoding: gzip,deflate


10:53:11.614 [pool-2-thread-2] DEBUG com.intuit.karate - response time in milliseconds: 504
2 < 200
2 < x-powered-by: Express
2 < access-control-allow-origin: https://conduit.bondaracademy.com
2 < vary: Origin
2 < content-type: application/json; charset=utf-8
2 < etag: W/"100a-I+AyMYt3bAeSY3id3ss2fGZmzK4"
2 < X-Cloud-Trace-Context: b89936f597029cfe32386788ff5685b0
2 < Date: Thu, 10 Oct 2024 05:23:11 GMT
2 < Server: Google Frontend
2 < Content-Length: 4106
{"articles":[{"slug":"Jaga-1728537790654-9546","title":"Jaga 1728537790654","description":"Jaga 1728537790654","body":"Jaga 1728537790654","tagList":["Jaga 1728537790654"],"createdAt":"2024-10-10T05:23:10.900Z","updatedAt":"2024-10-10T05:23:10.900Z","favorited":false,"favoritesCount":0,"author":{"username":"karatej","bio":null,"image":"https://conduit-api.bondaracademy.com/images/smiley-cyrus.jpeg","following":false}},{"slug":"Jaga-1728537787890-9546","title":"Jaga 1728537787890","description":"Jaga 1728537787890","body":"Jaga 1728537787890","tagList":["Jaga 1728537787890"],"createdAt":"2024-10-10T05:23:08.139Z","updatedAt":"2024-10-10T05:23:08.139Z","favorited":false,"favoritesCount":0,"author":{"username":"karatej","bio":null,"image":"https://conduit-api.bondaracademy.com/images/smiley-cyrus.jpeg","following":false}},{"slug":"Jaga-1728460326672-9546","title":"Jaga 1728460326672","description":"Jaga 1728460326672","body":"Jaga 1728460326672","tagList":["Jaga 1728460326672"],"createdAt":"2024-10-09T07:52:06.940Z","updatedAt":"2024-10-09T07:52:06.940Z","favorited":false,"favoritesCount":0,"author":{"username":"karatej","bio":null,"image":"https://conduit-api.bondaracademy.com/images/smiley-cyrus.jpeg","following":false}},{"slug":"Jaga-1728460324004-9546","title":"Jaga 1728460324004","description":"Jaga 1728460324004","body":"Jaga 1728460324004","tagList":["Jaga 1728460324004"],"createdAt":"2024-10-09T07:52:04.294Z","updatedAt":"2024-10-09T07:52:04.294Z","favorited":false,"favoritesCount":0,"author":{"username":"karatej","bio":null,"image":"https://conduit-api.bondaracademy.com/images/smiley-cyrus.jpeg","following":false}},{"slug":"test-article11221-9546","title":"test article11221","description":"test article2","body":"test article2","tagList":["test article4"],"createdAt":"2024-10-09T07:52:03.807Z","updatedAt":"2024-10-09T07:52:03.807Z","favorited":false,"favoritesCount":0,"author":{"username":"karatej","bio":null,"image":"https://conduit-api.bondaracademy.com/images/smiley-cyrus.jpeg","following":false}},{"slug":"Jaga-1728460243951-9546","title":"Jaga 1728460243951","description":"Jaga 1728460243951","body":"Jaga 1728460243951","tagList":["Jaga 1728460243951"],"createdAt":"2024-10-09T07:50:44.228Z","updatedAt":"2024-10-09T07:50:44.228Z","favorited":false,"favoritesCount":0,"author":{"username":"karatej","bio":null,"image":"https://conduit-api.bondaracademy.com/images/smiley-cyrus.jpeg","following":false}},{"slug":"Jaga-1728460241281-9546","title":"Jaga 1728460241281","description":"Jaga 1728460241281","body":"Jaga 1728460241281","tagList":["Jaga 1728460241281"],"createdAt":"2024-10-09T07:50:41.559Z","updatedAt":"2024-10-09T07:50:41.559Z","favorited":false,"favoritesCount":0,"author":{"username":"karatej","bio":null,"image":"https://conduit-api.bondaracademy.com/images/smiley-cyrus.jpeg","following":false}},{"slug":"Jaga-1728455237696-9546","title":"Jaga 1728455237696","description":"Jaga 1728455237696","body":"Jaga 1728455237696","tagList":["Jaga 1728455237696"],"createdAt":"2024-10-09T06:27:17.962Z","updatedAt":"2024-10-09T06:27:17.962Z","favorited":false,"favoritesCount":0,"author":{"username":"karatej","bio":null,"image":"https://conduit-api.bondaracademy.com/images/smiley-cyrus.jpeg","following":false}},{"slug":"Jaga-1728454784753-9546","title":"Jaga 1728454784753","description":"Jaga 1728454784753","body":"Jaga 1728454784753","tagList":["Jaga 1728454784753"],"createdAt":"2024-10-09T06:19:45.004Z","updatedAt":"2024-10-09T06:19:45.004Z","favorited":false,"favoritesCount":0,"author":{"username":"karatej","bio":null,"image":"https://conduit-api.bondaracademy.com/images/smiley-cyrus.jpeg","following":false}},{"slug":"Jaga-1728379153017-9546","title":"Jaga 1728379153017","description":"Jaga 1728379153017","body":"Jaga 1728379153017","tagList":["Jaga 1728379153017"],"createdAt":"2024-10-08T09:19:12.074Z","updatedAt":"2024-10-08T09:19:12.074Z","favorited":false,"favoritesCount":0,"author":{"username":"karatej","bio":null,"image":"https://conduit-api.bondaracademy.com/images/smiley-cyrus.jpeg","following":false}}],"articlesCount":46}

10:53:11.623 [pool-2-thread-2] ERROR com.intuit.karate - classpath:conduitApp/feature/Articles.feature:52
Given path 'articles', articleId  // Correctly formatted path for deletion
js failed:
>>>>
01: ['articles', articleId  // Correctly formatted path for deletion]
<<<<
org.graalvm.polyglot.PolyglotException: SyntaxError: Unnamed:1:65 Expected comma but found eof
['articles', articleId  // Correctly formatted path for deletion]
                                                                 ^

- org.graalvm.polyglot.Context.eval(Context.java:428)
- com.intuit.karate.graal.JsEngine.evalForValue(JsEngine.java:169)
- com.intuit.karate.graal.JsEngine.eval(JsEngine.java:165)
- com.intuit.karate.core.ScenarioEngine.evalJs(ScenarioEngine.java:1252)
- com.intuit.karate.core.ScenarioEngine.path(ScenarioEngine.java:372)
- com.intuit.karate.ScenarioActions.path(ScenarioActions.java:80)
- java.base/jdk.internal.reflect.NativeMethodAccessorImpl.invoke0(Native Method)

classpath:conduitApp/feature/Articles.feature:52
---------------------------------------------------------
feature: classpath:conduitApp/feature/Articles.feature
scenarios:  2 | passed:  0 | failed:  2 | time: 2.2699
---------------------------------------------------------

10:53:11.804 [pool-3-thread-1] INFO  com.intuit.karate.Suite - <<fail>> feature 1 of 2 (1 remaining) classpath:conduitApp/feature/Articles.feature
Karate version: 1.5.0
======================================================
elapsed:   2.31 | threads:    5 | thread time: 2.27 
features:     1 | skipped:    1 | efficiency: 0.20
scenarios:    2 | passed:     0 | failed: 2
======================================================
>>> failed features:
status code was: 422, expected: 201, response time in milliseconds: 349, url: https://conduit-api.bondaracademy.com/api/articles, response: 
{"errors":{"title":["must be unique"]}}
classpath:conduitApp/feature/Articles.feature:22
js failed:
>>>>
01: ['articles', articleId  // Correctly formatted path for deletion]
<<<<
org.graalvm.polyglot.PolyglotException: SyntaxError: Unnamed:1:65 Expected comma but found eof
['articles', articleId  // Correctly formatted path for deletion]
                                                                 ^

- org.graalvm.polyglot.Context.eval(Context.java:428)
- com.intuit.karate.graal.JsEngine.evalForValue(JsEngine.java:169)
- com.intuit.karate.graal.JsEngine.eval(JsEngine.java:165)
- com.intuit.karate.core.ScenarioEngine.evalJs(ScenarioEngine.java:1252)
- com.intuit.karate.core.ScenarioEngine.path(ScenarioEngine.java:372)
- com.intuit.karate.ScenarioActions.path(ScenarioActions.java:80)
- java.base/jdk.internal.reflect.NativeMethodAccessorImpl.invoke0(Native Method)

classpath:conduitApp/feature/Articles.feature:52
<<<

HTML report: (paste into browser to view) | Karate version: 1.5.0
file:///C:/Users/jagan/APIKarateDSL/karate/target/karate-reports/karate-summary.html
===================================================================

]]></system-out>
  </testcase>
</testsuite>