<?xml version="1.0" encoding="UTF-8"?>
<testsuite xmlns:xsi="http://www.w3.org/2001/XMLSchema-instance" xsi:noNamespaceSchemaLocation="https://maven.apache.org/surefire/maven-surefire-plugin/xsd/surefire-test-report-3.0.xsd" version="3.0" name="conduitApp.conduitTest" time="8.333" tests="8" errors="0" skipped="0" failures="0">
  <properties>
[...]
</properties>
  <testcase name="[1.1:47] New user Sign up" classname="conduitApp/feature/ConduitSignup" time="1.655">
    <system-out><![CDATA[15:32:21.525 [main] INFO  com.intuit.karate.Runner - using system property 'karate.options': --tags @test
15:32:21.880 [main] DEBUG com.intuit.karate.Suite - [config] classpath:karate-config.js
15:32:22.712 [main] INFO  com.intuit.karate - karate.env system property was: null 
15:32:22.716 [main] INFO  com.intuit.karate - >> lock acquired, begin callSingle: classpath:helpers/CreateToken.feature
15:32:23.001 [main] DEBUG com.intuit.karate - request:
1 > POST https://conduit-api.bondaracademy.com/api/users/login
1 > Content-Type: application/json; charset=UTF-8
1 > Content-Length: 62
1 > Host: conduit-api.bondaracademy.com
1 > Connection: Keep-Alive
1 > User-Agent: Apache-HttpClient/4.5.14 (Java/17.0.12)
1 > Accept-Encoding: gzip,deflate
{"user":{"email":"karatej@gmail.com","password":"karate1234"}}

15:32:23.786 [main] DEBUG com.intuit.karate - response time in milliseconds: 782
1 < 200
1 < x-powered-by: Express
1 < access-control-allow-origin: https://conduit.bondaracademy.com
1 < vary: Origin
1 < content-type: application/json; charset=utf-8
1 < etag: W/"133-yGO+EEEnNthC4G5CxloeryDvr/Q"
1 < X-Cloud-Trace-Context: 84aee547bcabede442c8445adb63f3d2;o=1
1 < Date: Tue, 15 Oct 2024 10:02:23 GMT
1 < Server: Google Frontend
1 < Content-Length: 307
{"user":{"email":"karatej@gmail.com","username":"karatej","bio":null,"image":"https://conduit-api.bondaracademy.com/images/smiley-cyrus.jpeg","token":"eyJhbGciOiJIUzI1NiIsInR5cCI6IkpXVCJ9.eyJ1c2VyIjp7ImlkIjo5NTQ2fSwiaWF0IjoxNzI4OTg2NTQzLCJleHAiOjE3MzQxNzA1NDN9.4h0ZbrbcRKBx2YL1L08hnZCjPdBPgtkmSTgt3Fxi4gs"}}

15:32:23.792 [main] INFO  com.intuit.karate - << lock released, cached callSingle: classpath:helpers/CreateToken.feature
15:32:23.794 [main] INFO  com.intuit.karate - Access Token: eyJhbGciOiJIUzI1NiIsInR5cCI6IkpXVCJ9.eyJ1c2VyIjp7ImlkIjo5NTQ2fSwiaWF0IjoxNzI4OTg2NTQzLCJleHAiOjE3MzQxNzA1NDN9.4h0ZbrbcRKBx2YL1L08hnZCjPdBPgtkmSTgt3Fxi4gs 
15:32:23.924 [main] DEBUG com.intuit.karate - request:
1 > POST https://conduit-api.bondaracademy.com/api/users
1 > Authorization: Token eyJhbGciOiJIUzI1NiIsInR5cCI6IkpXVCJ9.eyJ1c2VyIjp7ImlkIjo5NTQ2fSwiaWF0IjoxNzI4OTg2NTQzLCJleHAiOjE3MzQxNzA1NDN9.4h0ZbrbcRKBx2YL1L08hnZCjPdBPgtkmSTgt3Fxi4gs
1 > Content-Type: application/json; charset=UTF-8
1 > Content-Length: 81
1 > Host: conduit-api.bondaracademy.com
1 > Connection: Keep-Alive
1 > User-Agent: Apache-HttpClient/4.5.14 (Java/17.0.12)
1 > Accept-Encoding: gzip,deflate
{"user":{"email":"colin89","password":"jagan@102419","username":"jagatest32123"}}

15:32:24.288 [main] DEBUG com.intuit.karate - response time in milliseconds: 363
1 < 422
1 < x-powered-by: Express
1 < access-control-allow-origin: https://conduit.bondaracademy.com
1 < vary: Origin
1 < content-type: application/json; charset=utf-8
1 < etag: W/"32-JsHJTKwNHW5NSVjFTl5ds7a++54"
1 < X-Cloud-Trace-Context: d4f70673f7c8d2579c17fa9ed63191ab
1 < Date: Tue, 15 Oct 2024 10:02:24 GMT
1 < Server: Google Frontend
1 < Content-Length: 50
{"errors":{"username":["has already been taken"]}}

]]></system-out>
  </testcase>
  <testcase name="[1.2:48] New user Sign up" classname="conduitApp/feature/ConduitSignup" time="0.424">
    <system-out><![CDATA[15:32:24.317 [main] INFO  com.intuit.karate - karate.env system property was: null 
15:32:24.319 [main] INFO  com.intuit.karate - Access Token: eyJhbGciOiJIUzI1NiIsInR5cCI6IkpXVCJ9.eyJ1c2VyIjp7ImlkIjo5NTQ2fSwiaWF0IjoxNzI4OTg2NTQzLCJleHAiOjE3MzQxNzA1NDN9.4h0ZbrbcRKBx2YL1L08hnZCjPdBPgtkmSTgt3Fxi4gs 
15:32:24.362 [main] DEBUG com.intuit.karate - request:
1 > POST https://conduit-api.bondaracademy.com/api/users
1 > Authorization: Token eyJhbGciOiJIUzI1NiIsInR5cCI6IkpXVCJ9.eyJ1c2VyIjp7ImlkIjo5NTQ2fSwiaWF0IjoxNzI4OTg2NTQzLCJleHAiOjE3MzQxNzA1NDN9.4h0ZbrbcRKBx2YL1L08hnZCjPdBPgtkmSTgt3Fxi4gs
1 > Content-Type: application/json; charset=UTF-8
1 > Content-Length: 95
1 > Host: conduit-api.bondaracademy.com
1 > Connection: Keep-Alive
1 > User-Agent: Apache-HttpClient/4.5.14 (Java/17.0.12)
1 > Accept-Encoding: gzip,deflate
{"user":{"email":"jagatesttt1@gmail.com","password":"jagan@102419","username":"loni.reynolds"}}

15:32:24.722 [main] DEBUG com.intuit.karate - response time in milliseconds: 358
1 < 422
1 < x-powered-by: Express
1 < access-control-allow-origin: https://conduit.bondaracademy.com
1 < vary: Origin
1 < content-type: application/json; charset=utf-8
1 < etag: W/"2f-BJEnYqgmLwV4NGkXB9OccFtans4"
1 < X-Cloud-Trace-Context: 56832507b9192d96e1def8da097c06f2
1 < Date: Tue, 15 Oct 2024 10:02:24 GMT
1 < Server: Google Frontend
1 < Content-Length: 47
{"errors":{"email":["has already been taken"]}}

]]></system-out>
  </testcase>
  <testcase name="[1.3:49] New user Sign up" classname="conduitApp/feature/ConduitSignup" time="0.39">
    <system-out><![CDATA[15:32:24.738 [main] INFO  com.intuit.karate - karate.env system property was: null 
15:32:24.738 [main] INFO  com.intuit.karate - Access Token: eyJhbGciOiJIUzI1NiIsInR5cCI6IkpXVCJ9.eyJ1c2VyIjp7ImlkIjo5NTQ2fSwiaWF0IjoxNzI4OTg2NTQzLCJleHAiOjE3MzQxNzA1NDN9.4h0ZbrbcRKBx2YL1L08hnZCjPdBPgtkmSTgt3Fxi4gs 
15:32:24.765 [main] DEBUG com.intuit.karate - request:
1 > POST https://conduit-api.bondaracademy.com/api/users
1 > Authorization: Token eyJhbGciOiJIUzI1NiIsInR5cCI6IkpXVCJ9.eyJ1c2VyIjp7ImlkIjo5NTQ2fSwiaWF0IjoxNzI4OTg2NTQzLCJleHAiOjE3MzQxNzA1NDN9.4h0ZbrbcRKBx2YL1L08hnZCjPdBPgtkmSTgt3Fxi4gs
1 > Content-Type: application/json; charset=UTF-8
1 > Content-Length: 72
1 > Host: conduit-api.bondaracademy.com
1 > Connection: Keep-Alive
1 > User-Agent: Apache-HttpClient/4.5.14 (Java/17.0.12)
1 > Accept-Encoding: gzip,deflate
{"user":{"email":"","password":"jagan@102419","username":"lon.shields"}}

15:32:25.117 [main] DEBUG com.intuit.karate - response time in milliseconds: 350
1 < 422
1 < x-powered-by: Express
1 < access-control-allow-origin: https://conduit.bondaracademy.com
1 < vary: Origin
1 < content-type: application/json; charset=utf-8
1 < etag: W/"27-t1Jmbh6zWQl9abIACseOZh9CIII"
1 < X-Cloud-Trace-Context: 3c3d39273a6134bdd4306d9cd2511585
1 < Date: Tue, 15 Oct 2024 10:02:24 GMT
1 < Server: Google Frontend
1 < Content-Length: 39
{"errors":{"email":["can't be blank"]}}

]]></system-out>
  </testcase>
  <testcase name="[1.4:50] New user Sign up" classname="conduitApp/feature/ConduitSignup" time="0.396">
    <system-out><![CDATA[15:32:25.129 [main] INFO  com.intuit.karate - karate.env system property was: null 
15:32:25.131 [main] INFO  com.intuit.karate - Access Token: eyJhbGciOiJIUzI1NiIsInR5cCI6IkpXVCJ9.eyJ1c2VyIjp7ImlkIjo5NTQ2fSwiaWF0IjoxNzI4OTg2NTQzLCJleHAiOjE3MzQxNzA1NDN9.4h0ZbrbcRKBx2YL1L08hnZCjPdBPgtkmSTgt3Fxi4gs 
15:32:25.157 [main] DEBUG com.intuit.karate - request:
1 > POST https://conduit-api.bondaracademy.com/api/users
1 > Authorization: Token eyJhbGciOiJIUzI1NiIsInR5cCI6IkpXVCJ9.eyJ1c2VyIjp7ImlkIjo5NTQ2fSwiaWF0IjoxNzI4OTg2NTQzLCJleHAiOjE3MzQxNzA1NDN9.4h0ZbrbcRKBx2YL1L08hnZCjPdBPgtkmSTgt3Fxi4gs
1 > Content-Type: application/json; charset=UTF-8
1 > Content-Length: 68
1 > Host: conduit-api.bondaracademy.com
1 > Connection: Keep-Alive
1 > User-Agent: Apache-HttpClient/4.5.14 (Java/17.0.12)
1 > Accept-Encoding: gzip,deflate
{"user":{"email":"jorge19","password":"jagan@102419","username":""}}

15:32:25.512 [main] DEBUG com.intuit.karate - response time in milliseconds: 353
1 < 422
1 < x-powered-by: Express
1 < access-control-allow-origin: https://conduit.bondaracademy.com
1 < vary: Origin
1 < content-type: application/json; charset=utf-8
1 < etag: W/"2a-AIsgLw77Dx1RWMepi6jZReyj6jg"
1 < X-Cloud-Trace-Context: edc7eda825eaf49f4dffb01b418f85b8
1 < Date: Tue, 15 Oct 2024 10:02:25 GMT
1 < Server: Google Frontend
1 < Content-Length: 42
{"errors":{"username":["can't be blank"]}}

]]></system-out>
  </testcase>
  <testcase name="[1.5:51] New user Sign up" classname="conduitApp/feature/ConduitSignup" time="0.399">
    <system-out><![CDATA[15:32:25.528 [main] INFO  com.intuit.karate - karate.env system property was: null 
15:32:25.530 [main] INFO  com.intuit.karate - Access Token: eyJhbGciOiJIUzI1NiIsInR5cCI6IkpXVCJ9.eyJ1c2VyIjp7ImlkIjo5NTQ2fSwiaWF0IjoxNzI4OTg2NTQzLCJleHAiOjE3MzQxNzA1NDN9.4h0ZbrbcRKBx2YL1L08hnZCjPdBPgtkmSTgt3Fxi4gs 
15:32:25.554 [main] DEBUG com.intuit.karate - request:
1 > POST https://conduit-api.bondaracademy.com/api/users
1 > Authorization: Token eyJhbGciOiJIUzI1NiIsInR5cCI6IkpXVCJ9.eyJ1c2VyIjp7ImlkIjo5NTQ2fSwiaWF0IjoxNzI4OTg2NTQzLCJleHAiOjE3MzQxNzA1NDN9.4h0ZbrbcRKBx2YL1L08hnZCjPdBPgtkmSTgt3Fxi4gs
1 > Content-Type: application/json; charset=UTF-8
1 > Content-Length: 61
1 > Host: conduit-api.bondaracademy.com
1 > Connection: Keep-Alive
1 > User-Agent: Apache-HttpClient/4.5.14 (Java/17.0.12)
1 > Accept-Encoding: gzip,deflate
{"user":{"email":"","password":"jagan@102419","username":""}}

15:32:25.915 [main] DEBUG com.intuit.karate - response time in milliseconds: 359
1 < 422
1 < x-powered-by: Express
1 < access-control-allow-origin: https://conduit.bondaracademy.com
1 < vary: Origin
1 < content-type: application/json; charset=utf-8
1 < etag: W/"27-t1Jmbh6zWQl9abIACseOZh9CIII"
1 < X-Cloud-Trace-Context: c9115a5c98495f43af0024e5cde9a801
1 < Date: Tue, 15 Oct 2024 10:02:25 GMT
1 < Server: Google Frontend
1 < Content-Length: 39
{"errors":{"email":["can't be blank"]}}

]]></system-out>
  </testcase>
  <testcase name="[1.6:52] New user Sign up" classname="conduitApp/feature/ConduitSignup" time="0.39">
    <system-out><![CDATA[15:32:25.925 [main] INFO  com.intuit.karate - karate.env system property was: null 
15:32:25.925 [main] INFO  com.intuit.karate - Access Token: eyJhbGciOiJIUzI1NiIsInR5cCI6IkpXVCJ9.eyJ1c2VyIjp7ImlkIjo5NTQ2fSwiaWF0IjoxNzI4OTg2NTQzLCJleHAiOjE3MzQxNzA1NDN9.4h0ZbrbcRKBx2YL1L08hnZCjPdBPgtkmSTgt3Fxi4gs 
15:32:25.949 [main] DEBUG com.intuit.karate - request:
1 > POST https://conduit-api.bondaracademy.com/api/users
1 > Authorization: Token eyJhbGciOiJIUzI1NiIsInR5cCI6IkpXVCJ9.eyJ1c2VyIjp7ImlkIjo5NTQ2fSwiaWF0IjoxNzI4OTg2NTQzLCJleHAiOjE3MzQxNzA1NDN9.4h0ZbrbcRKBx2YL1L08hnZCjPdBPgtkmSTgt3Fxi4gs
1 > Content-Type: application/json; charset=UTF-8
1 > Content-Length: 49
1 > Host: conduit-api.bondaracademy.com
1 > Connection: Keep-Alive
1 > User-Agent: Apache-HttpClient/4.5.14 (Java/17.0.12)
1 > Accept-Encoding: gzip,deflate
{"user":{"email":"","password":"","username":""}}

15:32:26.305 [main] DEBUG com.intuit.karate - response time in milliseconds: 354
1 < 422
1 < x-powered-by: Express
1 < access-control-allow-origin: https://conduit.bondaracademy.com
1 < vary: Origin
1 < content-type: application/json; charset=utf-8
1 < etag: W/"27-t1Jmbh6zWQl9abIACseOZh9CIII"
1 < X-Cloud-Trace-Context: 1cab0fc255ef0f9af6b32d9add035d2f
1 < Date: Tue, 15 Oct 2024 10:02:26 GMT
1 < Server: Google Frontend
1 < Content-Length: 39
{"errors":{"email":["can't be blank"]}}

]]></system-out>
  </testcase>
  <testcase name="[1.7:53] New user Sign up" classname="conduitApp/feature/ConduitSignup" time="0.973">
    <system-out><![CDATA[15:32:26.321 [main] INFO  com.intuit.karate - karate.env system property was: null 
15:32:26.321 [main] INFO  com.intuit.karate - Access Token: eyJhbGciOiJIUzI1NiIsInR5cCI6IkpXVCJ9.eyJ1c2VyIjp7ImlkIjo5NTQ2fSwiaWF0IjoxNzI4OTg2NTQzLCJleHAiOjE3MzQxNzA1NDN9.4h0ZbrbcRKBx2YL1L08hnZCjPdBPgtkmSTgt3Fxi4gs 
15:32:26.338 [main] DEBUG com.intuit.karate - request:
1 > POST https://conduit-api.bondaracademy.com/api/users
1 > Authorization: Token eyJhbGciOiJIUzI1NiIsInR5cCI6IkpXVCJ9.eyJ1c2VyIjp7ImlkIjo5NTQ2fSwiaWF0IjoxNzI4OTg2NTQzLCJleHAiOjE3MzQxNzA1NDN9.4h0ZbrbcRKBx2YL1L08hnZCjPdBPgtkmSTgt3Fxi4gs
1 > Content-Type: application/json; charset=UTF-8
1 > Content-Length: 70
1 > Host: conduit-api.bondaracademy.com
1 > Connection: Keep-Alive
1 > User-Agent: Apache-HttpClient/4.5.14 (Java/17.0.12)
1 > Accept-Encoding: gzip,deflate
{"user":{"email":"carlo82","password":"jagan@102419","username":"ja"}}

15:32:26.696 [main] DEBUG com.intuit.karate - response time in milliseconds: 357
1 < 422
1 < x-powered-by: Express
1 < access-control-allow-origin: https://conduit.bondaracademy.com
1 < vary: Origin
1 < content-type: application/json; charset=utf-8
1 < etag: W/"32-JsHJTKwNHW5NSVjFTl5ds7a++54"
1 < X-Cloud-Trace-Context: fd9920e0c7b0849018530aa07bf7d6b2
1 < Date: Tue, 15 Oct 2024 10:02:26 GMT
1 < Server: Google Frontend
1 < Content-Length: 50
{"errors":{"username":["has already been taken"]}}

---------------------------------------------------------
feature: classpath:conduitApp/feature/ConduitSignup.feature
scenarios:  7 | passed:  7 | failed:  0 | time: 2.8144
---------------------------------------------------------

]]></system-out>
  </testcase>
  <testcase name="testParallel" classname="conduitApp.conduitTest" time="2.006">
    <system-out><![CDATA[15:32:27.301 [main] INFO  com.intuit.karate.Runner - using system property 'karate.options': --tags @test
15:32:27.464 [main] DEBUG com.intuit.karate.Suite - [config] classpath:karate-config.js
15:32:27.468 [main] INFO  com.intuit.karate.Suite - backed up existing 'target\karate-reports' dir to: target\karate-reports_1728986547464
15:32:27.469 [main] DEBUG com.intuit.karate.Suite - waiting for 3 features to complete
15:32:27.496 [pool-2-thread-1] INFO  com.intuit.karate - karate.env system property was: null 
15:32:27.497 [pool-2-thread-2] INFO  com.intuit.karate - karate.env system property was: null 
15:32:27.497 [pool-2-thread-1] INFO  com.intuit.karate - >> lock acquired, begin callSingle: classpath:helpers/CreateToken.feature
15:32:27.510 [pool-2-thread-1] DEBUG com.intuit.karate - request:
1 > POST https://conduit-api.bondaracademy.com/api/users/login
1 > Content-Type: application/json; charset=UTF-8
1 > Content-Length: 62
1 > Host: conduit-api.bondaracademy.com
1 > Connection: Keep-Alive
1 > User-Agent: Apache-HttpClient/4.5.14 (Java/17.0.12)
1 > Accept-Encoding: gzip,deflate
{"user":{"email":"karatej@gmail.com","password":"karate1234"}}

15:32:27.511 [pool-2-thread-4] INFO  com.intuit.karate - karate.env system property was: null 
15:32:27.511 [pool-2-thread-5] INFO  com.intuit.karate - karate.env system property was: null 
15:32:27.511 [pool-2-thread-3] INFO  com.intuit.karate - karate.env system property was: null 
15:32:27.976 [pool-2-thread-1] DEBUG com.intuit.karate - response time in milliseconds: 465
1 < 200
1 < x-powered-by: Express
1 < access-control-allow-origin: https://conduit.bondaracademy.com
1 < vary: Origin
1 < content-type: application/json; charset=utf-8
1 < etag: W/"133-fIkFJJFhbZggohAvf+1I+E/h7wQ"
1 < X-Cloud-Trace-Context: c9c550d8a07385204fd9a3d583886413
1 < Date: Tue, 15 Oct 2024 10:02:27 GMT
1 < Server: Google Frontend
1 < Content-Length: 307
{"user":{"email":"karatej@gmail.com","username":"karatej","bio":null,"image":"https://conduit-api.bondaracademy.com/images/smiley-cyrus.jpeg","token":"eyJhbGciOiJIUzI1NiIsInR5cCI6IkpXVCJ9.eyJ1c2VyIjp7ImlkIjo5NTQ2fSwiaWF0IjoxNzI4OTg2NTQ3LCJleHAiOjE3MzQxNzA1NDd9.kIgxLItt7tLgiUdMdFOEkXPoZeoE2rY8ACH4eYKm5-U"}}

15:32:27.980 [pool-2-thread-1] INFO  com.intuit.karate - << lock released, cached callSingle: classpath:helpers/CreateToken.feature
15:32:27.981 [pool-2-thread-3] WARN  com.intuit.karate - this thread waited 468 milliseconds for callSingle lock: classpath:helpers/CreateToken.feature
15:32:27.981 [pool-2-thread-1] INFO  com.intuit.karate - Access Token: eyJhbGciOiJIUzI1NiIsInR5cCI6IkpXVCJ9.eyJ1c2VyIjp7ImlkIjo5NTQ2fSwiaWF0IjoxNzI4OTg2NTQ3LCJleHAiOjE3MzQxNzA1NDd9.kIgxLItt7tLgiUdMdFOEkXPoZeoE2rY8ACH4eYKm5-U 
15:32:27.982 [pool-2-thread-3] INFO  com.intuit.karate - Access Token: eyJhbGciOiJIUzI1NiIsInR5cCI6IkpXVCJ9.eyJ1c2VyIjp7ImlkIjo5NTQ2fSwiaWF0IjoxNzI4OTg2NTQ3LCJleHAiOjE3MzQxNzA1NDd9.kIgxLItt7tLgiUdMdFOEkXPoZeoE2rY8ACH4eYKm5-U 
15:32:27.982 [pool-2-thread-5] WARN  com.intuit.karate - this thread waited 468 milliseconds for callSingle lock: classpath:helpers/CreateToken.feature
15:32:27.983 [pool-2-thread-5] INFO  com.intuit.karate - Access Token: eyJhbGciOiJIUzI1NiIsInR5cCI6IkpXVCJ9.eyJ1c2VyIjp7ImlkIjo5NTQ2fSwiaWF0IjoxNzI4OTg2NTQ3LCJleHAiOjE3MzQxNzA1NDd9.kIgxLItt7tLgiUdMdFOEkXPoZeoE2rY8ACH4eYKm5-U 
15:32:27.983 [pool-2-thread-4] WARN  com.intuit.karate - this thread waited 470 milliseconds for callSingle lock: classpath:helpers/CreateToken.feature
15:32:27.984 [pool-2-thread-2] WARN  com.intuit.karate - this thread waited 486 milliseconds for callSingle lock: classpath:helpers/CreateToken.feature
15:32:27.985 [pool-2-thread-4] INFO  com.intuit.karate - Access Token: eyJhbGciOiJIUzI1NiIsInR5cCI6IkpXVCJ9.eyJ1c2VyIjp7ImlkIjo5NTQ2fSwiaWF0IjoxNzI4OTg2NTQ3LCJleHAiOjE3MzQxNzA1NDd9.kIgxLItt7tLgiUdMdFOEkXPoZeoE2rY8ACH4eYKm5-U 
15:32:27.985 [pool-2-thread-2] INFO  com.intuit.karate - Access Token: eyJhbGciOiJIUzI1NiIsInR5cCI6IkpXVCJ9.eyJ1c2VyIjp7ImlkIjo5NTQ2fSwiaWF0IjoxNzI4OTg2NTQ3LCJleHAiOjE3MzQxNzA1NDd9.kIgxLItt7tLgiUdMdFOEkXPoZeoE2rY8ACH4eYKm5-U 
15:32:28.054 [pool-2-thread-1] DEBUG com.intuit.karate - request:
1 > POST https://conduit-api.bondaracademy.com/api/users
1 > Authorization: Token eyJhbGciOiJIUzI1NiIsInR5cCI6IkpXVCJ9.eyJ1c2VyIjp7ImlkIjo5NTQ2fSwiaWF0IjoxNzI4OTg2NTQ3LCJleHAiOjE3MzQxNzA1NDd9.kIgxLItt7tLgiUdMdFOEkXPoZeoE2rY8ACH4eYKm5-U
1 > Content-Type: application/json; charset=UTF-8
1 > Content-Length: 81
1 > Host: conduit-api.bondaracademy.com
1 > Connection: Keep-Alive
1 > User-Agent: Apache-HttpClient/4.5.14 (Java/17.0.12)
1 > Accept-Encoding: gzip,deflate
{"user":{"email":"donald1","password":"jagan@102419","username":"jagatest32123"}}

15:32:28.057 [pool-2-thread-4] DEBUG com.intuit.karate - request:
1 > POST https://conduit-api.bondaracademy.com/api/users
1 > Authorization: Token eyJhbGciOiJIUzI1NiIsInR5cCI6IkpXVCJ9.eyJ1c2VyIjp7ImlkIjo5NTQ2fSwiaWF0IjoxNzI4OTg2NTQ3LCJleHAiOjE3MzQxNzA1NDd9.kIgxLItt7tLgiUdMdFOEkXPoZeoE2rY8ACH4eYKm5-U
1 > Content-Type: application/json; charset=UTF-8
1 > Content-Length: 72
1 > Host: conduit-api.bondaracademy.com
1 > Connection: Keep-Alive
1 > User-Agent: Apache-HttpClient/4.5.14 (Java/17.0.12)
1 > Accept-Encoding: gzip,deflate
{"user":{"email":"georgianne1","password":"jagan@102419","username":""}}

15:32:28.057 [pool-2-thread-2] DEBUG com.intuit.karate - request:
1 > POST https://conduit-api.bondaracademy.com/api/users
1 > Authorization: Token eyJhbGciOiJIUzI1NiIsInR5cCI6IkpXVCJ9.eyJ1c2VyIjp7ImlkIjo5NTQ2fSwiaWF0IjoxNzI4OTg2NTQ3LCJleHAiOjE3MzQxNzA1NDd9.kIgxLItt7tLgiUdMdFOEkXPoZeoE2rY8ACH4eYKm5-U
1 > Content-Type: application/json; charset=UTF-8
1 > Content-Length: 97
1 > Host: conduit-api.bondaracademy.com
1 > Connection: Keep-Alive
1 > User-Agent: Apache-HttpClient/4.5.14 (Java/17.0.12)
1 > Accept-Encoding: gzip,deflate
{"user":{"email":"jagatesttt1@gmail.com","password":"jagan@102419","username":"cherri.oconnell"}}

15:32:28.057 [pool-2-thread-3] DEBUG com.intuit.karate - request:
1 > POST https://conduit-api.bondaracademy.com/api/users
1 > Authorization: Token eyJhbGciOiJIUzI1NiIsInR5cCI6IkpXVCJ9.eyJ1c2VyIjp7ImlkIjo5NTQ2fSwiaWF0IjoxNzI4OTg2NTQ3LCJleHAiOjE3MzQxNzA1NDd9.kIgxLItt7tLgiUdMdFOEkXPoZeoE2rY8ACH4eYKm5-U
1 > Content-Type: application/json; charset=UTF-8
1 > Content-Length: 83
1 > Host: conduit-api.bondaracademy.com
1 > Connection: Keep-Alive
1 > User-Agent: Apache-HttpClient/4.5.14 (Java/17.0.12)
1 > Accept-Encoding: gzip,deflate
{"user":{"email":"","password":"jagan@102419","username":"mohammad.runolfsdottir"}}

15:32:28.057 [pool-2-thread-5] DEBUG com.intuit.karate - request:
1 > POST https://conduit-api.bondaracademy.com/api/users
1 > Authorization: Token eyJhbGciOiJIUzI1NiIsInR5cCI6IkpXVCJ9.eyJ1c2VyIjp7ImlkIjo5NTQ2fSwiaWF0IjoxNzI4OTg2NTQ3LCJleHAiOjE3MzQxNzA1NDd9.kIgxLItt7tLgiUdMdFOEkXPoZeoE2rY8ACH4eYKm5-U
1 > Content-Type: application/json; charset=UTF-8
1 > Content-Length: 61
1 > Host: conduit-api.bondaracademy.com
1 > Connection: Keep-Alive
1 > User-Agent: Apache-HttpClient/4.5.14 (Java/17.0.12)
1 > Accept-Encoding: gzip,deflate
{"user":{"email":"","password":"jagan@102419","username":""}}

15:32:28.413 [pool-2-thread-4] DEBUG com.intuit.karate - response time in milliseconds: 353
1 < 422
1 < x-powered-by: Express
1 < access-control-allow-origin: https://conduit.bondaracademy.com
1 < vary: Origin
1 < content-type: application/json; charset=utf-8
1 < etag: W/"2a-AIsgLw77Dx1RWMepi6jZReyj6jg"
1 < X-Cloud-Trace-Context: 5cdf26d31fcb5dc5866cabd1c239c86d
1 < Date: Tue, 15 Oct 2024 10:02:28 GMT
1 < Server: Google Frontend
1 < Content-Length: 42
{"errors":{"username":["can't be blank"]}}

15:32:28.413 [pool-2-thread-2] DEBUG com.intuit.karate - response time in milliseconds: 353
1 < 422
1 < x-powered-by: Express
1 < access-control-allow-origin: https://conduit.bondaracademy.com
1 < vary: Origin
1 < content-type: application/json; charset=utf-8
1 < etag: W/"2f-BJEnYqgmLwV4NGkXB9OccFtans4"
1 < X-Cloud-Trace-Context: 03b3b041abffd3ffcbf60b074b20f8a3
1 < Date: Tue, 15 Oct 2024 10:02:28 GMT
1 < Server: Google Frontend
1 < Content-Length: 47
{"errors":{"email":["has already been taken"]}}

15:32:28.414 [pool-2-thread-3] DEBUG com.intuit.karate - response time in milliseconds: 355
1 < 422
1 < x-powered-by: Express
1 < access-control-allow-origin: https://conduit.bondaracademy.com
1 < vary: Origin
1 < content-type: application/json; charset=utf-8
1 < etag: W/"27-t1Jmbh6zWQl9abIACseOZh9CIII"
1 < X-Cloud-Trace-Context: 344fa057a4940ae9e74e87ab86503390
1 < Date: Tue, 15 Oct 2024 10:02:28 GMT
1 < Server: Google Frontend
1 < Content-Length: 39
{"errors":{"email":["can't be blank"]}}

15:32:28.420 [pool-2-thread-5] DEBUG com.intuit.karate - response time in milliseconds: 362
1 < 422
1 < x-powered-by: Express
1 < access-control-allow-origin: https://conduit.bondaracademy.com
1 < vary: Origin
1 < content-type: application/json; charset=utf-8
1 < etag: W/"27-t1Jmbh6zWQl9abIACseOZh9CIII"
1 < X-Cloud-Trace-Context: 5a399405e98c8a04d23faecd073edec8
1 < Date: Tue, 15 Oct 2024 10:02:28 GMT
1 < Server: Google Frontend
1 < Content-Length: 39
{"errors":{"email":["can't be blank"]}}

15:32:28.420 [pool-2-thread-1] DEBUG com.intuit.karate - response time in milliseconds: 365
1 < 422
1 < x-powered-by: Express
1 < access-control-allow-origin: https://conduit.bondaracademy.com
1 < vary: Origin
1 < content-type: application/json; charset=utf-8
1 < etag: W/"32-JsHJTKwNHW5NSVjFTl5ds7a++54"
1 < X-Cloud-Trace-Context: 81d47e4f3d7be4b11837de914d40ce45
1 < Date: Tue, 15 Oct 2024 10:02:28 GMT
1 < Server: Google Frontend
1 < Content-Length: 50
{"errors":{"username":["has already been taken"]}}

15:32:28.422 [pool-2-thread-4] INFO  com.intuit.karate - karate.env system property was: null 
15:32:28.422 [pool-2-thread-3] INFO  com.intuit.karate - karate.env system property was: null 
15:32:28.423 [pool-2-thread-4] INFO  com.intuit.karate - Access Token: eyJhbGciOiJIUzI1NiIsInR5cCI6IkpXVCJ9.eyJ1c2VyIjp7ImlkIjo5NTQ2fSwiaWF0IjoxNzI4OTg2NTQ3LCJleHAiOjE3MzQxNzA1NDd9.kIgxLItt7tLgiUdMdFOEkXPoZeoE2rY8ACH4eYKm5-U 
15:32:28.423 [pool-2-thread-3] INFO  com.intuit.karate - Access Token: eyJhbGciOiJIUzI1NiIsInR5cCI6IkpXVCJ9.eyJ1c2VyIjp7ImlkIjo5NTQ2fSwiaWF0IjoxNzI4OTg2NTQ3LCJleHAiOjE3MzQxNzA1NDd9.kIgxLItt7tLgiUdMdFOEkXPoZeoE2rY8ACH4eYKm5-U 
15:32:28.460 [pool-2-thread-3] DEBUG com.intuit.karate - request:
1 > POST https://conduit-api.bondaracademy.com/api/users
1 > Authorization: Token eyJhbGciOiJIUzI1NiIsInR5cCI6IkpXVCJ9.eyJ1c2VyIjp7ImlkIjo5NTQ2fSwiaWF0IjoxNzI4OTg2NTQ3LCJleHAiOjE3MzQxNzA1NDd9.kIgxLItt7tLgiUdMdFOEkXPoZeoE2rY8ACH4eYKm5-U
1 > Content-Type: application/json; charset=UTF-8
1 > Content-Length: 71
1 > Host: conduit-api.bondaracademy.com
1 > Connection: Keep-Alive
1 > User-Agent: Apache-HttpClient/4.5.14 (Java/17.0.12)
1 > Accept-Encoding: gzip,deflate
{"user":{"email":"lavada78","password":"jagan@102419","username":"ja"}}

15:32:28.461 [pool-2-thread-4] DEBUG com.intuit.karate - request:
1 > POST https://conduit-api.bondaracademy.com/api/users
1 > Authorization: Token eyJhbGciOiJIUzI1NiIsInR5cCI6IkpXVCJ9.eyJ1c2VyIjp7ImlkIjo5NTQ2fSwiaWF0IjoxNzI4OTg2NTQ3LCJleHAiOjE3MzQxNzA1NDd9.kIgxLItt7tLgiUdMdFOEkXPoZeoE2rY8ACH4eYKm5-U
1 > Content-Type: application/json; charset=UTF-8
1 > Content-Length: 49
1 > Host: conduit-api.bondaracademy.com
1 > Connection: Keep-Alive
1 > User-Agent: Apache-HttpClient/4.5.14 (Java/17.0.12)
1 > Accept-Encoding: gzip,deflate
{"user":{"email":"","password":"","username":""}}

15:32:28.820 [pool-2-thread-4] DEBUG com.intuit.karate - response time in milliseconds: 357
1 < 422
1 < x-powered-by: Express
1 < access-control-allow-origin: https://conduit.bondaracademy.com
1 < vary: Origin
1 < content-type: application/json; charset=utf-8
1 < etag: W/"27-t1Jmbh6zWQl9abIACseOZh9CIII"
1 < X-Cloud-Trace-Context: 3d09259e271d75d53c8524dab6c2d52f
1 < Date: Tue, 15 Oct 2024 10:02:28 GMT
1 < Server: Google Frontend
1 < Content-Length: 39
{"errors":{"email":["can't be blank"]}}

15:32:28.950 [pool-2-thread-3] DEBUG com.intuit.karate - response time in milliseconds: 488
1 < 422
1 < x-powered-by: Express
1 < access-control-allow-origin: https://conduit.bondaracademy.com
1 < vary: Origin
1 < content-type: application/json; charset=utf-8
1 < etag: W/"32-JsHJTKwNHW5NSVjFTl5ds7a++54"
1 < X-Cloud-Trace-Context: f0fd958bb420ebbdb29b905dad27b245
1 < Date: Tue, 15 Oct 2024 10:02:28 GMT
1 < Server: Google Frontend
1 < Content-Length: 50
{"errors":{"username":["has already been taken"]}}

---------------------------------------------------------
feature: classpath:conduitApp/feature/ConduitSignup.feature
scenarios:  7 | passed:  7 | failed:  0 | time: 3.0763
---------------------------------------------------------

15:32:29.174 [pool-3-thread-1] INFO  com.intuit.karate.Suite - <<pass>> feature 2 of 3 (1 remaining) classpath:conduitApp/feature/ConduitSignup.feature
Karate version: 1.5.0
======================================================
elapsed:   1.87 | threads:    5 | thread time: 3.08 
features:     1 | skipped:    2 | efficiency: 0.33
scenarios:    7 | passed:     7 | failed: 0
======================================================

HTML report: (paste into browser to view) | Karate version: 1.5.0
file:///C:/Users/jagan/APIKarateDSL/karate/target/karate-reports/karate-summary.html
===================================================================

]]></system-out>
  </testcase>
</testsuite>